<?xml version="1.0" encoding="UTF-8"?>
<!-- Generated by org.testng.reporters.JUnitReportReporter -->
<testsuite skipped="0" hostname="LAPTOP-OIJ1FI09" name="com.syntax.testcases.LoginPageTest" tests="2" failures="0" timestamp="16 Jun 2019 18:15:07 GMT" time="24.878" errors="0">
  <testcase name="doLogin" time="9.602" classname="com.syntax.testcases.LoginPageTest"/>
  <testcase name="loginToOrangeHRM" time="15.276" classname="com.syntax.testcases.LoginPageTest"/>
</testsuite> <!-- com.syntax.testcases.LoginPageTest -->
