<?xml version="1.0" encoding="UTF-8"?>
<!-- Generated by org.testng.reporters.JUnitReportReporter -->
<testsuite skipped="0" hostname="LAPTOP-OIJ1FI09" name="com.syntax.practice.ExcelWriteDemo" tests="1" failures="0" timestamp="15 Jun 2019 15:17:36 GMT" time="1.519" errors="0">
  <testcase name="writeExcell" time="1.519" classname="com.syntax.practice.ExcelWriteDemo"/>
</testsuite> <!-- com.syntax.practice.ExcelWriteDemo -->
