<?xml version="1.0" encoding="UTF-8"?>
<!-- Generated by org.testng.reporters.JUnitReportReporter -->
<testsuite skipped="0" hostname="LAPTOP-OIJ1FI09" name="com.syntax.pages.LoginPageTest" tests="2" failures="0" timestamp="08 Jun 2019 19:34:37 GMT" time="17.254" errors="0">
  <testcase name="setUp" time="7.062" classname="com.syntax.pages.LoginPageTest"/>
  <testcase name="loginToOrangeHRM" time="10.192" classname="com.syntax.pages.LoginPageTest"/>
</testsuite> <!-- com.syntax.pages.LoginPageTest -->
