<?xml version="1.0" encoding="UTF-8"?>
<!-- Generated by org.testng.reporters.JUnitReportReporter -->
<testsuite skipped="0" hostname="LAPTOP-OIJ1FI09" name="com.syntax.testcases.AddLocationsTest" tests="1" failures="0" timestamp="15 Jun 2019 14:19:13 GMT" time="15.725" errors="0">
  <testcase name="addLocation" time="15.725" classname="com.syntax.testcases.AddLocationsTest"/>
</testsuite> <!-- com.syntax.testcases.AddLocationsTest -->
