<?xml version="1.0" encoding="UTF-8"?>
<!-- Generated by org.testng.reporters.JUnitReportReporter -->
<testsuite skipped="0" hostname="LAPTOP-OIJ1FI09" name="com.syntax.testcases.WeqasTest" tests="2" failures="0" timestamp="09 Jun 2019 19:36:12 GMT" time="9.641" errors="0">
  <testcase name="setUp" time="7.106" classname="com.syntax.testcases.WeqasTest"/>
  <testcase name="tryAddEmployee" time="2.535" classname="com.syntax.testcases.WeqasTest"/>
</testsuite> <!-- com.syntax.testcases.WeqasTest -->
