<?xml version="1.0" encoding="UTF-8"?>
<!-- Generated by org.testng.reporters.JUnitReportReporter -->
<testsuite skipped="0" hostname="LAPTOP-OIJ1FI09" name="com.syntax.testcases.WeqasTest" tests="2" failures="0" timestamp="09 Jun 2019 18:59:26 GMT" time="7.661" errors="0">
  <testcase name="setUp" time="5.890" classname="com.syntax.testcases.WeqasTest"/>
  <testcase name="tryAddEmployee" time="1.771" classname="com.syntax.testcases.WeqasTest"/>
</testsuite> <!-- com.syntax.testcases.WeqasTest -->
