<?xml version="1.0" encoding="UTF-8"?>
<!-- Generated by org.testng.reporters.JUnitReportReporter -->
<testsuite skipped="0" hostname="LAPTOP-OIJ1FI09" name="com.syntax.utils.BaseClass" tests="1" failures="0" timestamp="08 Jun 2019 19:25:47 GMT" time="7.019" errors="0">
  <testcase name="setUp" time="7.019" classname="com.syntax.utils.BaseClass"/>
</testsuite> <!-- com.syntax.utils.BaseClass -->
