<?xml version="1.0" encoding="UTF-8"?>
<!-- Generated by org.testng.reporters.JUnitReportReporter -->
<testsuite skipped="0" hostname="LAPTOP-OIJ1FI09" name="com.syntax.testcases.AddLocations" tests="1" failures="0" timestamp="15 Jun 2019 13:35:16 GMT" time="11.323" errors="0">
  <testcase name="addLocation" time="11.323" classname="com.syntax.testcases.AddLocations"/>
</testsuite> <!-- com.syntax.testcases.AddLocations -->
