<?xml version="1.0" encoding="UTF-8"?>
<!-- Generated by org.testng.reporters.JUnitReportReporter -->
<testsuite skipped="0" hostname="LAPTOP-OIJ1FI09" name="com.syntax.pages.LoginPage" tests="1" failures="0" timestamp="09 Jun 2019 17:14:08 GMT" time="6.751" errors="0">
  <testcase name="setUp" time="6.751" classname="com.syntax.pages.LoginPage"/>
</testsuite> <!-- com.syntax.pages.LoginPage -->
