<?xml version="1.0" encoding="UTF-8"?>
<!-- Generated by org.testng.reporters.JUnitReportReporter -->
<testsuite skipped="0" hostname="LAPTOP-OIJ1FI09" name="com.syntax.testcases.AddEmployeePageTest1" tests="10" failures="0" timestamp="16 Jun 2019 18:15:07 GMT" time="227.181" errors="0">
  <testcase name="addEmployee" time="24.115" classname="com.syntax.testcases.AddEmployeePageTest1"/>
  <testcase name="addEmployee" time="23.370" classname="com.syntax.testcases.AddEmployeePageTest1"/>
  <testcase name="addEmployee" time="22.728" classname="com.syntax.testcases.AddEmployeePageTest1"/>
  <testcase name="addEmployee" time="21.896" classname="com.syntax.testcases.AddEmployeePageTest1"/>
  <testcase name="addEmployee" time="22.342" classname="com.syntax.testcases.AddEmployeePageTest1"/>
  <testcase name="addEmployee" time="23.495" classname="com.syntax.testcases.AddEmployeePageTest1"/>
  <testcase name="addEmployee" time="22.344" classname="com.syntax.testcases.AddEmployeePageTest1"/>
  <testcase name="addEmployee" time="22.727" classname="com.syntax.testcases.AddEmployeePageTest1"/>
  <testcase name="addEmployee" time="21.863" classname="com.syntax.testcases.AddEmployeePageTest1"/>
  <testcase name="addEmployee" time="22.301" classname="com.syntax.testcases.AddEmployeePageTest1"/>
</testsuite> <!-- com.syntax.testcases.AddEmployeePageTest1 -->
