<?xml version="1.0" encoding="UTF-8"?>
<!-- Generated by org.testng.reporters.JUnitReportReporter -->
<testsuite skipped="0" hostname="LAPTOP-OIJ1FI09" name="com.syntax.testcases.WeqasTest" tests="2" failures="0" timestamp="09 Jun 2019 18:53:18 GMT" time="6.306" errors="0">
  <testcase name="tryAddEmployee" time="2.063" classname="com.syntax.testcases.WeqasTest"/>
  <testcase name="setUp" time="4.243" classname="com.syntax.testcases.WeqasTest"/>
</testsuite> <!-- com.syntax.testcases.WeqasTest -->
